<?xml version="1.0" encoding="UTF-8"?>
<coverage generated="1766785612401" clover="3.2.0">
  <project timestamp="1766785612401" name="All files">
    <metrics statements="134" coveredstatements="78" conditionals="82" coveredconditionals="32" methods="21" coveredmethods="10" elements="237" coveredelements="120" complexity="0" loc="134" ncloc="134" packages="3" files="4" classes="4"/>
    <package name="config">
      <metrics statements="4" coveredstatements="3" conditionals="0" coveredconditionals="0" methods="1" coveredmethods="0"/>
      <file name="database.js" path="C:\Users\DELL\Desktop\Desktop\Assignment\backend\src\config\database.js">
        <metrics statements="4" coveredstatements="3" conditionals="0" coveredconditionals="0" methods="1" coveredmethods="0"/>
        <line num="1" count="1" type="stmt"/>
        <line num="3" count="1" type="stmt"/>
        <line num="4" count="0" type="stmt"/>
        <line num="7" count="1" type="stmt"/>
      </file>
    </package>
    <package name="services">
      <metrics statements="84" coveredstatements="38" conditionals="58" coveredconditionals="15" methods="14" coveredmethods="4"/>
      <file name="classificationService.js" path="C:\Users\DELL\Desktop\Desktop\Assignment\backend\src\services\classificationService.js">
        <metrics statements="34" coveredstatements="34" conditionals="15" coveredconditionals="15" methods="4" coveredmethods="4"/>
        <line num="4" count="2" type="stmt"/>
        <line num="68" count="2" type="stmt"/>
        <line num="93" count="2" type="stmt"/>
        <line num="138" count="9" type="cond" truecount="2" falsecount="0"/>
        <line num="140" count="8" type="stmt"/>
        <line num="141" count="8" type="stmt"/>
        <line num="144" count="8" type="stmt"/>
        <line num="145" count="32" type="stmt"/>
        <line num="146" count="32" type="stmt"/>
        <line num="147" count="416" type="cond" truecount="2" falsecount="0"/>
        <line num="148" count="18" type="stmt"/>
        <line num="154" count="8" type="stmt"/>
        <line num="155" count="8" type="stmt"/>
        <line num="157" count="8" type="stmt"/>
        <line num="158" count="32" type="cond" truecount="2" falsecount="0"/>
        <line num="159" count="7" type="stmt"/>
        <line num="160" count="7" type="stmt"/>
        <line num="164" count="8" type="stmt"/>
        <line num="169" count="9" type="cond" truecount="2" falsecount="0"/>
        <line num="171" count="8" type="stmt"/>
        <line num="174" count="8" type="stmt"/>
        <line num="175" count="43" type="cond" truecount="2" falsecount="0"/>
        <line num="176" count="5" type="stmt"/>
        <line num="181" count="3" type="stmt"/>
        <line num="182" count="9" type="cond" truecount="2" falsecount="0"/>
        <line num="183" count="2" type="stmt"/>
        <line num="187" count="1" type="stmt"/>
        <line num="192" count="6" type="cond" truecount="2" falsecount="0"/>
        <line num="197" count="3" type="stmt"/>
        <line num="199" count="3" type="stmt"/>
        <line num="200" count="3" type="stmt"/>
        <line num="201" count="3" type="stmt"/>
        <line num="203" count="3" type="stmt"/>
        <line num="210" count="2" type="stmt"/>
      </file>
      <file name="taskService.js" path="C:\Users\DELL\Desktop\Desktop\Assignment\backend\src\services\taskService.js">
        <metrics statements="50" coveredstatements="4" conditionals="43" coveredconditionals="0" methods="10" coveredmethods="0"/>
        <line num="3" count="1" type="stmt"/>
        <line num="4" count="1" type="stmt"/>
        <line num="5" count="1" type="stmt"/>
        <line num="11" count="0" type="stmt"/>
        <line num="12" count="0" type="cond" truecount="0" falsecount="2"/>
        <line num="14" count="0" type="stmt"/>
        <line num="27" count="0" type="stmt"/>
        <line num="28" count="0" type="stmt"/>
        <line num="32" count="0" type="stmt"/>
        <line num="41" count="0" type="stmt"/>
        <line num="44" count="0" type="stmt"/>
        <line num="49" count="0" type="stmt"/>
        <line num="55" count="0" type="stmt"/>
        <line num="57" count="0" type="stmt"/>
        <line num="59" count="0" type="cond" truecount="0" falsecount="2"/>
        <line num="60" count="0" type="cond" truecount="0" falsecount="2"/>
        <line num="61" count="0" type="cond" truecount="0" falsecount="2"/>
        <line num="63" count="0" type="stmt"/>
        <line num="73" count="0" type="stmt"/>
        <line num="86" count="0" type="stmt"/>
        <line num="96" count="0" type="stmt"/>
        <line num="101" count="0" type="stmt"/>
        <line num="103" count="0" type="cond" truecount="0" falsecount="2"/>
        <line num="104" count="0" type="stmt"/>
        <line num="108" count="0" type="stmt"/>
        <line num="109" count="0" type="cond" truecount="0" falsecount="2"/>
        <line num="110" count="0" type="stmt"/>
        <line num="114" count="0" type="stmt"/>
        <line num="115" count="0" type="cond" truecount="0" falsecount="2"/>
        <line num="116" count="0" type="stmt"/>
        <line num="120" count="0" type="stmt"/>
        <line num="121" count="0" type="stmt"/>
        <line num="126" count="0" type="stmt"/>
        <line num="127" count="0" type="cond" truecount="0" falsecount="4"/>
        <line num="128" count="0" type="stmt"/>
        <line num="129" count="0" type="cond" truecount="0" falsecount="2"/>
        <line num="130" count="0" type="stmt"/>
        <line num="134" count="0" type="stmt"/>
        <line num="144" count="0" type="stmt"/>
        <line num="147" count="0" type="stmt"/>
        <line num="152" count="0" type="stmt"/>
        <line num="154" count="0" type="cond" truecount="0" falsecount="2"/>
        <line num="155" count="0" type="stmt"/>
        <line num="157" count="0" type="stmt"/>
        <line num="161" count="0" type="stmt"/>
        <line num="173" count="0" type="stmt"/>
        <line num="185" count="0" type="stmt"/>
        <line num="194" count="0" type="stmt"/>
        <line num="195" count="0" type="stmt"/>
        <line num="201" count="1" type="stmt"/>
      </file>
    </package>
    <package name="utils">
      <metrics statements="46" coveredstatements="37" conditionals="24" coveredconditionals="17" methods="6" coveredmethods="6"/>
      <file name="entityExtractor.js" path="C:\Users\DELL\Desktop\Desktop\Assignment\backend\src\utils\entityExtractor.js">
        <metrics statements="46" coveredstatements="37" conditionals="24" coveredconditionals="17" methods="6" coveredmethods="6"/>
        <line num="5" count="11" type="cond" truecount="2" falsecount="0"/>
        <line num="6" count="2" type="stmt"/>
        <line num="14" count="9" type="stmt"/>
        <line num="22" count="9" type="stmt"/>
        <line num="32" count="9" type="stmt"/>
        <line num="33" count="63" type="stmt"/>
        <line num="34" count="63" type="cond" truecount="2" falsecount="0"/>
        <line num="35" count="4" type="stmt"/>
        <line num="36" count="6" type="cond" truecount="1" falsecount="1"/>
        <line num="37" count="6" type="stmt"/>
        <line num="44" count="9" type="stmt"/>
        <line num="49" count="9" type="stmt"/>
        <line num="51" count="18" type="stmt"/>
        <line num="52" count="3" type="stmt"/>
        <line num="53" count="3" type="cond" truecount="1" falsecount="1"/>
        <line num="54" count="3" type="stmt"/>
        <line num="61" count="9" type="stmt"/>
        <line num="63" count="9" type="stmt"/>
        <line num="64" count="1" type="stmt"/>
        <line num="65" count="1" type="cond" truecount="1" falsecount="1"/>
        <line num="66" count="1" type="stmt"/>
        <line num="71" count="9" type="stmt"/>
        <line num="101" count="9" type="stmt"/>
        <line num="106" count="9" type="stmt"/>
        <line num="107" count="243" type="cond" truecount="4" falsecount="0"/>
        <line num="108" count="9" type="stmt"/>
        <line num="112" count="9" type="stmt"/>
        <line num="117" count="2" type="cond" truecount="1" falsecount="1"/>
        <line num="119" count="2" type="stmt"/>
        <line num="120" count="2" type="stmt"/>
        <line num="123" count="2" type="cond" truecount="2" falsecount="0"/>
        <line num="124" count="1" type="stmt"/>
        <line num="128" count="1" type="cond" truecount="1" falsecount="1"/>
        <line num="129" count="0" type="stmt"/>
        <line num="130" count="0" type="stmt"/>
        <line num="131" count="0" type="stmt"/>
        <line num="135" count="1" type="cond" truecount="1" falsecount="1"/>
        <line num="136" count="0" type="stmt"/>
        <line num="137" count="0" type="stmt"/>
        <line num="138" count="0" type="stmt"/>
        <line num="142" count="1" type="cond" truecount="1" falsecount="1"/>
        <line num="143" count="0" type="stmt"/>
        <line num="144" count="0" type="stmt"/>
        <line num="145" count="0" type="stmt"/>
        <line num="148" count="1" type="stmt"/>
        <line num="151" count="2" type="stmt"/>
      </file>
    </package>
  </project>
</coverage>
