{"C:\\Users\\DELL\\Desktop\\Desktop\\Assignment\\backend\\src\\config\\database.js": {"path":"C:\\Users\\DELL\\Desktop\\Desktop\\Assignment\\backend\\src\\config\\database.js","statementMap":{"0":{"start":{"line":1,"column":15},"end":{"line":1,"column":34}},"1":{"start":{"line":3,"column":0},"end":{"line":5,"column":3}},"2":{"start":{"line":4,"column":2},"end":{"line":4,"column":29}},"3":{"start":{"line":7,"column":0},"end":{"line":7,"column":24}}},"fnMap":{"0":{"name":"(anonymous_0)","decl":{"start":{"line":3,"column":25},"end":{"line":3,"column":26}},"loc":{"start":{"line":3,"column":37},"end":{"line":5,"column":1}},"line":3}},"branchMap":{},"s":{"0":1,"1":1,"2":0,"3":1},"f":{"0":0},"b":{},"_coverageSchema":"1a1c01bbd47fc00a2c39e90264f33305004495a9","hash":"5595a7b4832f36ea8c2b8f8c5e6a6e402cb14694"}
,"C:\\Users\\DELL\\Desktop\\Desktop\\Assignment\\backend\\src\\services\\classificationService.js": {"path":"C:\\Users\\DELL\\Desktop\\Desktop\\Assignment\\backend\\src\\services\\classificationService.js","statementMap":{"0":{"start":{"line":4,"column":26},"end":{"line":65,"column":1}},"1":{"start":{"line":68,"column":26},"end":{"line":90,"column":1}},"2":{"start":{"line":93,"column":26},"end":{"line":134,"column":1}},"3":{"start":{"line":138,"column":2},"end":{"line":138,"column":30}},"4":{"start":{"line":138,"column":13},"end":{"line":138,"column":30}},"5":{"start":{"line":140,"column":20},"end":{"line":140,"column":38}},"6":{"start":{"line":141,"column":17},"end":{"line":141,"column":19}},"7":{"start":{"line":144,"column":2},"end":{"line":151,"column":3}},"8":{"start":{"line":145,"column":4},"end":{"line":145,"column":25}},"9":{"start":{"line":146,"column":4},"end":{"line":150,"column":5}},"10":{"start":{"line":147,"column":6},"end":{"line":149,"column":7}},"11":{"start":{"line":148,"column":8},"end":{"line":148,"column":27}},"12":{"start":{"line":154,"column":17},"end":{"line":154,"column":18}},"13":{"start":{"line":155,"column":21},"end":{"line":155,"column":30}},"14":{"start":{"line":157,"column":2},"end":{"line":162,"column":3}},"15":{"start":{"line":158,"column":4},"end":{"line":161,"column":5}},"16":{"start":{"line":159,"column":6},"end":{"line":159,"column":23}},"17":{"start":{"line":160,"column":6},"end":{"line":160,"column":30}},"18":{"start":{"line":164,"column":2},"end":{"line":164,"column":22}},"19":{"start":{"line":169,"column":2},"end":{"line":169,"column":26}},"20":{"start":{"line":169,"column":13},"end":{"line":169,"column":26}},"21":{"start":{"line":171,"column":20},"end":{"line":171,"column":38}},"22":{"start":{"line":174,"column":2},"end":{"line":178,"column":3}},"23":{"start":{"line":175,"column":4},"end":{"line":177,"column":5}},"24":{"start":{"line":176,"column":6},"end":{"line":176,"column":20}},"25":{"start":{"line":181,"column":2},"end":{"line":185,"column":3}},"26":{"start":{"line":182,"column":4},"end":{"line":184,"column":5}},"27":{"start":{"line":183,"column":6},"end":{"line":183,"column":22}},"28":{"start":{"line":187,"column":2},"end":{"line":187,"column":15}},"29":{"start":{"line":192,"column":2},"end":{"line":192,"column":66}},"30":{"start":{"line":197,"column":23},"end":{"line":197,"column":48}},"31":{"start":{"line":199,"column":19},"end":{"line":199,"column":49}},"32":{"start":{"line":200,"column":19},"end":{"line":200,"column":50}},"33":{"start":{"line":201,"column":27},"end":{"line":201,"column":56}},"34":{"start":{"line":203,"column":2},"end":{"line":207,"column":4}},"35":{"start":{"line":210,"column":0},"end":{"line":218,"column":2}}},"fnMap":{"0":{"name":"classifyCategory","decl":{"start":{"line":137,"column":9},"end":{"line":137,"column":25}},"loc":{"start":{"line":137,"column":32},"end":{"line":165,"column":1}},"line":137},"1":{"name":"determinePriority","decl":{"start":{"line":168,"column":9},"end":{"line":168,"column":26}},"loc":{"start":{"line":168,"column":33},"end":{"line":188,"column":1}},"line":168},"2":{"name":"getSuggestedActions","decl":{"start":{"line":191,"column":9},"end":{"line":191,"column":28}},"loc":{"start":{"line":191,"column":39},"end":{"line":193,"column":1}},"line":191},"3":{"name":"classifyTask","decl":{"start":{"line":196,"column":9},"end":{"line":196,"column":21}},"loc":{"start":{"line":196,"column":47},"end":{"line":208,"column":1}},"line":196}},"branchMap":{"0":{"loc":{"start":{"line":138,"column":2},"end":{"line":138,"column":30}},"type":"if","locations":[{"start":{"line":138,"column":2},"end":{"line":138,"column":30}},{"start":{},"end":{}}],"line":138},"1":{"loc":{"start":{"line":147,"column":6},"end":{"line":149,"column":7}},"type":"if","locations":[{"start":{"line":147,"column":6},"end":{"line":149,"column":7}},{"start":{},"end":{}}],"line":147},"2":{"loc":{"start":{"line":158,"column":4},"end":{"line":161,"column":5}},"type":"if","locations":[{"start":{"line":158,"column":4},"end":{"line":161,"column":5}},{"start":{},"end":{}}],"line":158},"3":{"loc":{"start":{"line":169,"column":2},"end":{"line":169,"column":26}},"type":"if","locations":[{"start":{"line":169,"column":2},"end":{"line":169,"column":26}},{"start":{},"end":{}}],"line":169},"4":{"loc":{"start":{"line":175,"column":4},"end":{"line":177,"column":5}},"type":"if","locations":[{"start":{"line":175,"column":4},"end":{"line":177,"column":5}},{"start":{},"end":{}}],"line":175},"5":{"loc":{"start":{"line":182,"column":4},"end":{"line":184,"column":5}},"type":"if","locations":[{"start":{"line":182,"column":4},"end":{"line":184,"column":5}},{"start":{},"end":{}}],"line":182},"6":{"loc":{"start":{"line":192,"column":9},"end":{"line":192,"column":65}},"type":"binary-expr","locations":[{"start":{"line":192,"column":9},"end":{"line":192,"column":36}},{"start":{"line":192,"column":40},"end":{"line":192,"column":65}}],"line":192},"7":{"loc":{"start":{"line":196,"column":29},"end":{"line":196,"column":45}},"type":"default-arg","locations":[{"start":{"line":196,"column":43},"end":{"line":196,"column":45}}],"line":196}},"s":{"0":2,"1":2,"2":2,"3":9,"4":1,"5":8,"6":8,"7":8,"8":32,"9":32,"10":416,"11":18,"12":8,"13":8,"14":8,"15":32,"16":7,"17":7,"18":8,"19":9,"20":1,"21":8,"22":8,"23":43,"24":5,"25":3,"26":9,"27":2,"28":1,"29":6,"30":3,"31":3,"32":3,"33":3,"34":3,"35":2},"f":{"0":9,"1":9,"2":6,"3":3},"b":{"0":[1,8],"1":[18,398],"2":[7,25],"3":[1,8],"4":[5,38],"5":[2,7],"6":[6,1],"7":[2]},"_coverageSchema":"1a1c01bbd47fc00a2c39e90264f33305004495a9","hash":"f25465f5781d59648a5838c327c7e96514afbdd9"}
,"C:\\Users\\DELL\\Desktop\\Desktop\\Assignment\\backend\\src\\services\\taskService.js": {"path":"C:\\Users\\DELL\\Desktop\\Desktop\\Assignment\\backend\\src\\services\\taskService.js","statementMap":{"0":{"start":{"line":3,"column":15},"end":{"line":3,"column":47}},"1":{"start":{"line":4,"column":28},"end":{"line":4,"column":66}},"2":{"start":{"line":5,"column":25},"end":{"line":5,"column":62}},"3":{"start":{"line":11,"column":27},"end":{"line":11,"column":69}},"4":{"start":{"line":12,"column":21},"end":{"line":12,"column":79}},"5":{"start":{"line":14,"column":21},"end":{"line":24,"column":5}},"6":{"start":{"line":27,"column":19},"end":{"line":42,"column":6}},"7":{"start":{"line":28,"column":19},"end":{"line":30,"column":8}},"8":{"start":{"line":32,"column":6},"end":{"line":39,"column":9}},"9":{"start":{"line":41,"column":6},"end":{"line":41,"column":18}},"10":{"start":{"line":44,"column":4},"end":{"line":44,"column":18}},"11":{"start":{"line":49,"column":51},"end":{"line":49,"column":58}},"12":{"start":{"line":55,"column":8},"end":{"line":55,"column":18}},"13":{"start":{"line":57,"column":18},"end":{"line":57,"column":20}},"14":{"start":{"line":59,"column":4},"end":{"line":59,"column":38}},"15":{"start":{"line":59,"column":16},"end":{"line":59,"column":38}},"16":{"start":{"line":60,"column":4},"end":{"line":60,"column":44}},"17":{"start":{"line":60,"column":18},"end":{"line":60,"column":44}},"18":{"start":{"line":61,"column":4},"end":{"line":61,"column":44}},"19":{"start":{"line":61,"column":18},"end":{"line":61,"column":44}},"20":{"start":{"line":63,"column":27},"end":{"line":71,"column":6}},"21":{"start":{"line":73,"column":4},"end":{"line":81,"column":6}},"22":{"start":{"line":86,"column":17},"end":{"line":94,"column":6}},"23":{"start":{"line":96,"column":4},"end":{"line":96,"column":16}},"24":{"start":{"line":101,"column":25},"end":{"line":101,"column":72}},"25":{"start":{"line":103,"column":4},"end":{"line":105,"column":5}},"26":{"start":{"line":104,"column":6},"end":{"line":104,"column":40}},"27":{"start":{"line":108,"column":23},"end":{"line":108,"column":34}},"28":{"start":{"line":109,"column":4},"end":{"line":111,"column":5}},"29":{"start":{"line":110,"column":6},"end":{"line":110,"column":56}},"30":{"start":{"line":114,"column":4},"end":{"line":118,"column":7}},"31":{"start":{"line":115,"column":6},"end":{"line":117,"column":7}},"32":{"start":{"line":116,"column":8},"end":{"line":116,"column":31}},"33":{"start":{"line":120,"column":19},"end":{"line":145,"column":6}},"34":{"start":{"line":121,"column":26},"end":{"line":124,"column":8}},"35":{"start":{"line":126,"column":19},"end":{"line":126,"column":28}},"36":{"start":{"line":127,"column":6},"end":{"line":132,"column":7}},"37":{"start":{"line":128,"column":8},"end":{"line":128,"column":34}},"38":{"start":{"line":129,"column":8},"end":{"line":131,"column":9}},"39":{"start":{"line":130,"column":10},"end":{"line":130,"column":31}},"40":{"start":{"line":134,"column":6},"end":{"line":142,"column":9}},"41":{"start":{"line":144,"column":6},"end":{"line":144,"column":25}},"42":{"start":{"line":147,"column":4},"end":{"line":147,"column":18}},"43":{"start":{"line":152,"column":25},"end":{"line":152,"column":72}},"44":{"start":{"line":154,"column":4},"end":{"line":156,"column":5}},"45":{"start":{"line":155,"column":6},"end":{"line":155,"column":40}},"46":{"start":{"line":157,"column":4},"end":{"line":159,"column":7}},"47":{"start":{"line":161,"column":4},"end":{"line":161,"column":67}},"48":{"start":{"line":173,"column":8},"end":{"line":183,"column":6}},"49":{"start":{"line":185,"column":4},"end":{"line":197,"column":6}},"50":{"start":{"line":194,"column":8},"end":{"line":194,"column":41}},"51":{"start":{"line":195,"column":8},"end":{"line":195,"column":19}},"52":{"start":{"line":201,"column":0},"end":{"line":201,"column":35}}},"fnMap":{"0":{"name":"(anonymous_0)","decl":{"start":{"line":9,"column":2},"end":{"line":9,"column":3}},"loc":{"start":{"line":9,"column":25},"end":{"line":45,"column":3}},"line":9},"1":{"name":"(anonymous_1)","decl":{"start":{"line":27,"column":45},"end":{"line":27,"column":46}},"loc":{"start":{"line":27,"column":59},"end":{"line":42,"column":5}},"line":27},"2":{"name":"(anonymous_2)","decl":{"start":{"line":48,"column":2},"end":{"line":48,"column":3}},"loc":{"start":{"line":48,"column":48},"end":{"line":82,"column":3}},"line":48},"3":{"name":"(anonymous_3)","decl":{"start":{"line":85,"column":2},"end":{"line":85,"column":3}},"loc":{"start":{"line":85,"column":24},"end":{"line":97,"column":3}},"line":85},"4":{"name":"(anonymous_4)","decl":{"start":{"line":100,"column":2},"end":{"line":100,"column":3}},"loc":{"start":{"line":100,"column":51},"end":{"line":148,"column":3}},"line":100},"5":{"name":"(anonymous_5)","decl":{"start":{"line":114,"column":36},"end":{"line":114,"column":37}},"loc":{"start":{"line":114,"column":45},"end":{"line":118,"column":5}},"line":114},"6":{"name":"(anonymous_6)","decl":{"start":{"line":120,"column":45},"end":{"line":120,"column":46}},"loc":{"start":{"line":120,"column":59},"end":{"line":145,"column":5}},"line":120},"7":{"name":"(anonymous_7)","decl":{"start":{"line":151,"column":2},"end":{"line":151,"column":3}},"loc":{"start":{"line":151,"column":23},"end":{"line":162,"column":3}},"line":151},"8":{"name":"(anonymous_8)","decl":{"start":{"line":165,"column":2},"end":{"line":165,"column":3}},"loc":{"start":{"line":165,"column":23},"end":{"line":198,"column":3}},"line":165},"9":{"name":"(anonymous_9)","decl":{"start":{"line":193,"column":41},"end":{"line":193,"column":42}},"loc":{"start":{"line":193,"column":56},"end":{"line":196,"column":7}},"line":193}},"branchMap":{"0":{"loc":{"start":{"line":12,"column":54},"end":{"line":12,"column":76}},"type":"binary-expr","locations":[{"start":{"line":12,"column":54},"end":{"line":12,"column":70}},{"start":{"line":12,"column":74},"end":{"line":12,"column":76}}],"line":12},"1":{"loc":{"start":{"line":16,"column":19},"end":{"line":16,"column":43}},"type":"binary-expr","locations":[{"start":{"line":16,"column":19},"end":{"line":16,"column":35}},{"start":{"line":16,"column":39},"end":{"line":16,"column":43}}],"line":16},"2":{"loc":{"start":{"line":17,"column":16},"end":{"line":17,"column":56}},"type":"binary-expr","locations":[{"start":{"line":17,"column":16},"end":{"line":17,"column":29}},{"start":{"line":17,"column":33},"end":{"line":17,"column":56}}],"line":17},"3":{"loc":{"start":{"line":18,"column":16},"end":{"line":18,"column":56}},"type":"binary-expr","locations":[{"start":{"line":18,"column":16},"end":{"line":18,"column":29}},{"start":{"line":18,"column":33},"end":{"line":18,"column":56}}],"line":18},"4":{"loc":{"start":{"line":19,"column":14},"end":{"line":19,"column":38}},"type":"binary-expr","locations":[{"start":{"line":19,"column":14},"end":{"line":19,"column":25}},{"start":{"line":19,"column":29},"end":{"line":19,"column":38}}],"line":19},"5":{"loc":{"start":{"line":20,"column":18},"end":{"line":20,"column":41}},"type":"binary-expr","locations":[{"start":{"line":20,"column":18},"end":{"line":20,"column":33}},{"start":{"line":20,"column":37},"end":{"line":20,"column":41}}],"line":20},"6":{"loc":{"start":{"line":21,"column":15},"end":{"line":21,"column":59}},"type":"cond-expr","locations":[{"start":{"line":21,"column":30},"end":{"line":21,"column":52}},{"start":{"line":21,"column":55},"end":{"line":21,"column":59}}],"line":21},"7":{"loc":{"start":{"line":37,"column":21},"end":{"line":37,"column":47}},"type":"binary-expr","locations":[{"start":{"line":37,"column":21},"end":{"line":37,"column":35}},{"start":{"line":37,"column":39},"end":{"line":37,"column":47}}],"line":37},"8":{"loc":{"start":{"line":48,"column":17},"end":{"line":48,"column":29}},"type":"default-arg","locations":[{"start":{"line":48,"column":27},"end":{"line":48,"column":29}}],"line":48},"9":{"loc":{"start":{"line":48,"column":31},"end":{"line":48,"column":46}},"type":"default-arg","locations":[{"start":{"line":48,"column":44},"end":{"line":48,"column":46}}],"line":48},"10":{"loc":{"start":{"line":51,"column":6},"end":{"line":51,"column":16}},"type":"default-arg","locations":[{"start":{"line":51,"column":14},"end":{"line":51,"column":16}}],"line":51},"11":{"loc":{"start":{"line":52,"column":6},"end":{"line":52,"column":16}},"type":"default-arg","locations":[{"start":{"line":52,"column":15},"end":{"line":52,"column":16}}],"line":52},"12":{"loc":{"start":{"line":53,"column":6},"end":{"line":53,"column":26}},"type":"default-arg","locations":[{"start":{"line":53,"column":15},"end":{"line":53,"column":26}}],"line":53},"13":{"loc":{"start":{"line":54,"column":6},"end":{"line":54,"column":24}},"type":"default-arg","locations":[{"start":{"line":54,"column":18},"end":{"line":54,"column":24}}],"line":54},"14":{"loc":{"start":{"line":59,"column":4},"end":{"line":59,"column":38}},"type":"if","locations":[{"start":{"line":59,"column":4},"end":{"line":59,"column":38}},{"start":{},"end":{}}],"line":59},"15":{"loc":{"start":{"line":60,"column":4},"end":{"line":60,"column":44}},"type":"if","locations":[{"start":{"line":60,"column":4},"end":{"line":60,"column":44}},{"start":{},"end":{}}],"line":60},"16":{"loc":{"start":{"line":61,"column":4},"end":{"line":61,"column":44}},"type":"if","locations":[{"start":{"line":61,"column":4},"end":{"line":61,"column":44}},{"start":{},"end":{}}],"line":61},"17":{"loc":{"start":{"line":100,"column":29},"end":{"line":100,"column":49}},"type":"default-arg","locations":[{"start":{"line":100,"column":41},"end":{"line":100,"column":49}}],"line":100},"18":{"loc":{"start":{"line":103,"column":4},"end":{"line":105,"column":5}},"type":"if","locations":[{"start":{"line":103,"column":4},"end":{"line":105,"column":5}},{"start":{},"end":{}}],"line":103},"19":{"loc":{"start":{"line":109,"column":4},"end":{"line":111,"column":5}},"type":"if","locations":[{"start":{"line":109,"column":4},"end":{"line":111,"column":5}},{"start":{},"end":{}}],"line":109},"20":{"loc":{"start":{"line":115,"column":6},"end":{"line":117,"column":7}},"type":"if","locations":[{"start":{"line":115,"column":6},"end":{"line":117,"column":7}},{"start":{},"end":{}}],"line":115},"21":{"loc":{"start":{"line":127,"column":6},"end":{"line":132,"column":7}},"type":"if","locations":[{"start":{"line":127,"column":6},"end":{"line":132,"column":7}},{"start":{},"end":{}}],"line":127},"22":{"loc":{"start":{"line":127,"column":10},"end":{"line":127,"column":60}},"type":"binary-expr","locations":[{"start":{"line":127,"column":10},"end":{"line":127,"column":21}},{"start":{"line":127,"column":25},"end":{"line":127,"column":60}}],"line":127},"23":{"loc":{"start":{"line":129,"column":8},"end":{"line":131,"column":9}},"type":"if","locations":[{"start":{"line":129,"column":8},"end":{"line":131,"column":9}},{"start":{},"end":{}}],"line":129},"24":{"loc":{"start":{"line":154,"column":4},"end":{"line":156,"column":5}},"type":"if","locations":[{"start":{"line":154,"column":4},"end":{"line":156,"column":5}},{"start":{},"end":{}}],"line":154}},"s":{"0":1,"1":1,"2":1,"3":0,"4":0,"5":0,"6":0,"7":0,"8":0,"9":0,"10":0,"11":0,"12":0,"13":0,"14":0,"15":0,"16":0,"17":0,"18":0,"19":0,"20":0,"21":0,"22":0,"23":0,"24":0,"25":0,"26":0,"27":0,"28":0,"29":0,"30":0,"31":0,"32":0,"33":0,"34":0,"35":0,"36":0,"37":0,"38":0,"39":0,"40":0,"41":0,"42":0,"43":0,"44":0,"45":0,"46":0,"47":0,"48":0,"49":0,"50":0,"51":0,"52":1},"f":{"0":0,"1":0,"2":0,"3":0,"4":0,"5":0,"6":0,"7":0,"8":0,"9":0},"b":{"0":[0,0],"1":[0,0],"2":[0,0],"3":[0,0],"4":[0,0],"5":[0,0],"6":[0,0],"7":[0,0],"8":[0],"9":[0],"10":[0],"11":[0],"12":[0],"13":[0],"14":[0,0],"15":[0,0],"16":[0,0],"17":[0],"18":[0,0],"19":[0,0],"20":[0,0],"21":[0,0],"22":[0,0],"23":[0,0],"24":[0,0]},"_coverageSchema":"1a1c01bbd47fc00a2c39e90264f33305004495a9","hash":"70cc7c39bc2c9bce7b6644cd6857e5cbeb15ab44"}
,"C:\\Users\\DELL\\Desktop\\Desktop\\Assignment\\backend\\src\\utils\\entityExtractor.js": {"path":"C:\\Users\\DELL\\Desktop\\Desktop\\Assignment\\backend\\src\\utils\\entityExtractor.js","statementMap":{"0":{"start":{"line":5,"column":2},"end":{"line":12,"column":3}},"1":{"start":{"line":6,"column":4},"end":{"line":11,"column":6}},"2":{"start":{"line":14,"column":19},"end":{"line":19,"column":3}},"3":{"start":{"line":22,"column":23},"end":{"line":30,"column":3}},"4":{"start":{"line":32,"column":2},"end":{"line":41,"column":5}},"5":{"start":{"line":33,"column":20},"end":{"line":33,"column":39}},"6":{"start":{"line":34,"column":4},"end":{"line":40,"column":5}},"7":{"start":{"line":35,"column":6},"end":{"line":39,"column":9}},"8":{"start":{"line":36,"column":8},"end":{"line":38,"column":9}},"9":{"start":{"line":37,"column":10},"end":{"line":37,"column":51}},"10":{"start":{"line":44,"column":25},"end":{"line":47,"column":3}},"11":{"start":{"line":49,"column":2},"end":{"line":57,"column":5}},"12":{"start":{"line":51,"column":4},"end":{"line":56,"column":5}},"13":{"start":{"line":52,"column":21},"end":{"line":52,"column":36}},"14":{"start":{"line":53,"column":6},"end":{"line":55,"column":7}},"15":{"start":{"line":54,"column":8},"end":{"line":54,"column":37}},"16":{"start":{"line":61,"column":4},"end":{"line":61,"column":123}},"17":{"start":{"line":63,"column":2},"end":{"line":68,"column":3}},"18":{"start":{"line":64,"column":21},"end":{"line":64,"column":36}},"19":{"start":{"line":65,"column":4},"end":{"line":67,"column":5}},"20":{"start":{"line":66,"column":6},"end":{"line":66,"column":40}},"21":{"start":{"line":71,"column":22},"end":{"line":99,"column":3}},"22":{"start":{"line":101,"column":16},"end":{"line":104,"column":17}},"23":{"start":{"line":106,"column":2},"end":{"line":110,"column":5}},"24":{"start":{"line":107,"column":4},"end":{"line":109,"column":5}},"25":{"start":{"line":108,"column":6},"end":{"line":108,"column":34}},"26":{"start":{"line":112,"column":2},"end":{"line":112,"column":18}},"27":{"start":{"line":117,"column":2},"end":{"line":117,"column":25}},"28":{"start":{"line":117,"column":13},"end":{"line":117,"column":25}},"29":{"start":{"line":119,"column":20},"end":{"line":119,"column":38}},"30":{"start":{"line":120,"column":14},"end":{"line":120,"column":24}},"31":{"start":{"line":123,"column":2},"end":{"line":125,"column":3}},"32":{"start":{"line":124,"column":4},"end":{"line":124,"column":15}},"33":{"start":{"line":128,"column":2},"end":{"line":132,"column":3}},"34":{"start":{"line":129,"column":21},"end":{"line":129,"column":34}},"35":{"start":{"line":130,"column":4},"end":{"line":130,"column":45}},"36":{"start":{"line":131,"column":4},"end":{"line":131,"column":20}},"37":{"start":{"line":135,"column":2},"end":{"line":139,"column":3}},"38":{"start":{"line":136,"column":19},"end":{"line":136,"column":32}},"39":{"start":{"line":137,"column":4},"end":{"line":137,"column":61}},"40":{"start":{"line":138,"column":4},"end":{"line":138,"column":18}},"41":{"start":{"line":142,"column":2},"end":{"line":146,"column":3}},"42":{"start":{"line":143,"column":23},"end":{"line":143,"column":36}},"43":{"start":{"line":144,"column":4},"end":{"line":144,"column":74}},"44":{"start":{"line":145,"column":4},"end":{"line":145,"column":22}},"45":{"start":{"line":148,"column":2},"end":{"line":148,"column":14}},"46":{"start":{"line":151,"column":0},"end":{"line":154,"column":2}}},"fnMap":{"0":{"name":"extractEntities","decl":{"start":{"line":4,"column":9},"end":{"line":4,"column":24}},"loc":{"start":{"line":4,"column":31},"end":{"line":113,"column":1}},"line":4},"1":{"name":"(anonymous_1)","decl":{"start":{"line":32,"column":23},"end":{"line":32,"column":24}},"loc":{"start":{"line":32,"column":36},"end":{"line":41,"column":3}},"line":32},"2":{"name":"(anonymous_2)","decl":{"start":{"line":35,"column":22},"end":{"line":35,"column":23}},"loc":{"start":{"line":35,"column":33},"end":{"line":39,"column":7}},"line":35},"3":{"name":"(anonymous_3)","decl":{"start":{"line":49,"column":25},"end":{"line":49,"column":26}},"loc":{"start":{"line":49,"column":38},"end":{"line":57,"column":3}},"line":49},"4":{"name":"(anonymous_4)","decl":{"start":{"line":106,"column":22},"end":{"line":106,"column":23}},"loc":{"start":{"line":106,"column":32},"end":{"line":110,"column":3}},"line":106},"5":{"name":"extractDueDate","decl":{"start":{"line":116,"column":9},"end":{"line":116,"column":23}},"loc":{"start":{"line":116,"column":30},"end":{"line":149,"column":1}},"line":116}},"branchMap":{"0":{"loc":{"start":{"line":5,"column":2},"end":{"line":12,"column":3}},"type":"if","locations":[{"start":{"line":5,"column":2},"end":{"line":12,"column":3}},{"start":{},"end":{}}],"line":5},"1":{"loc":{"start":{"line":34,"column":4},"end":{"line":40,"column":5}},"type":"if","locations":[{"start":{"line":34,"column":4},"end":{"line":40,"column":5}},{"start":{},"end":{}}],"line":34},"2":{"loc":{"start":{"line":36,"column":8},"end":{"line":38,"column":9}},"type":"if","locations":[{"start":{"line":36,"column":8},"end":{"line":38,"column":9}},{"start":{},"end":{}}],"line":36},"3":{"loc":{"start":{"line":53,"column":6},"end":{"line":55,"column":7}},"type":"if","locations":[{"start":{"line":53,"column":6},"end":{"line":55,"column":7}},{"start":{},"end":{}}],"line":53},"4":{"loc":{"start":{"line":65,"column":4},"end":{"line":67,"column":5}},"type":"if","locations":[{"start":{"line":65,"column":4},"end":{"line":67,"column":5}},{"start":{},"end":{}}],"line":65},"5":{"loc":{"start":{"line":107,"column":4},"end":{"line":109,"column":5}},"type":"if","locations":[{"start":{"line":107,"column":4},"end":{"line":109,"column":5}},{"start":{},"end":{}}],"line":107},"6":{"loc":{"start":{"line":107,"column":8},"end":{"line":107,"column":64}},"type":"binary-expr","locations":[{"start":{"line":107,"column":8},"end":{"line":107,"column":28}},{"start":{"line":107,"column":32},"end":{"line":107,"column":64}}],"line":107},"7":{"loc":{"start":{"line":117,"column":2},"end":{"line":117,"column":25}},"type":"if","locations":[{"start":{"line":117,"column":2},"end":{"line":117,"column":25}},{"start":{},"end":{}}],"line":117},"8":{"loc":{"start":{"line":123,"column":2},"end":{"line":125,"column":3}},"type":"if","locations":[{"start":{"line":123,"column":2},"end":{"line":125,"column":3}},{"start":{},"end":{}}],"line":123},"9":{"loc":{"start":{"line":128,"column":2},"end":{"line":132,"column":3}},"type":"if","locations":[{"start":{"line":128,"column":2},"end":{"line":132,"column":3}},{"start":{},"end":{}}],"line":128},"10":{"loc":{"start":{"line":135,"column":2},"end":{"line":139,"column":3}},"type":"if","locations":[{"start":{"line":135,"column":2},"end":{"line":139,"column":3}},{"start":{},"end":{}}],"line":135},"11":{"loc":{"start":{"line":142,"column":2},"end":{"line":146,"column":3}},"type":"if","locations":[{"start":{"line":142,"column":2},"end":{"line":146,"column":3}},{"start":{},"end":{}}],"line":142}},"s":{"0":11,"1":2,"2":9,"3":9,"4":9,"5":63,"6":63,"7":4,"8":6,"9":6,"10":9,"11":9,"12":18,"13":3,"14":3,"15":3,"16":9,"17":9,"18":1,"19":1,"20":1,"21":9,"22":9,"23":9,"24":243,"25":9,"26":9,"27":2,"28":0,"29":2,"30":2,"31":2,"32":1,"33":1,"34":0,"35":0,"36":0,"37":1,"38":0,"39":0,"40":0,"41":1,"42":0,"43":0,"44":0,"45":1,"46":2},"f":{"0":11,"1":63,"2":6,"3":18,"4":243,"5":2},"b":{"0":[2,9],"1":[4,59],"2":[6,0],"3":[3,0],"4":[1,0],"5":[9,234],"6":[243,9],"7":[0,2],"8":[1,1],"9":[0,1],"10":[0,1],"11":[0,1]},"_coverageSchema":"1a1c01bbd47fc00a2c39e90264f33305004495a9","hash":"f6c39b6d4a65f6e3bd3b9b55e823376506f0d09f"}
}
