TN:
SF:config\database.js
FN:3,(anonymous_0)
FNF:1
FNH:0
FNDA:0,(anonymous_0)
DA:1,1
DA:3,1
DA:4,0
DA:7,1
LF:4
LH:3
BRF:0
BRH:0
end_of_record
TN:
SF:services\classificationService.js
FN:137,classifyCategory
FN:168,determinePriority
FN:191,getSuggestedActions
FN:196,classifyTask
FNF:4
FNH:4
FNDA:9,classifyCategory
FNDA:9,determinePriority
FNDA:6,getSuggestedActions
FNDA:3,classifyTask
DA:4,2
DA:68,2
DA:93,2
DA:138,9
DA:140,8
DA:141,8
DA:144,8
DA:145,32
DA:146,32
DA:147,416
DA:148,18
DA:154,8
DA:155,8
DA:157,8
DA:158,32
DA:159,7
DA:160,7
DA:164,8
DA:169,9
DA:171,8
DA:174,8
DA:175,43
DA:176,5
DA:181,3
DA:182,9
DA:183,2
DA:187,1
DA:192,6
DA:197,3
DA:199,3
DA:200,3
DA:201,3
DA:203,3
DA:210,2
LF:34
LH:34
BRDA:138,0,0,1
BRDA:138,0,1,8
BRDA:147,1,0,18
BRDA:147,1,1,398
BRDA:158,2,0,7
BRDA:158,2,1,25
BRDA:169,3,0,1
BRDA:169,3,1,8
BRDA:175,4,0,5
BRDA:175,4,1,38
BRDA:182,5,0,2
BRDA:182,5,1,7
BRDA:192,6,0,6
BRDA:192,6,1,1
BRDA:196,7,0,2
BRF:15
BRH:15
end_of_record
TN:
SF:services\taskService.js
FN:9,(anonymous_0)
FN:27,(anonymous_1)
FN:48,(anonymous_2)
FN:85,(anonymous_3)
FN:100,(anonymous_4)
FN:114,(anonymous_5)
FN:120,(anonymous_6)
FN:151,(anonymous_7)
FN:165,(anonymous_8)
FN:193,(anonymous_9)
FNF:10
FNH:0
FNDA:0,(anonymous_0)
FNDA:0,(anonymous_1)
FNDA:0,(anonymous_2)
FNDA:0,(anonymous_3)
FNDA:0,(anonymous_4)
FNDA:0,(anonymous_5)
FNDA:0,(anonymous_6)
FNDA:0,(anonymous_7)
FNDA:0,(anonymous_8)
FNDA:0,(anonymous_9)
DA:3,1
DA:4,1
DA:5,1
DA:11,0
DA:12,0
DA:14,0
DA:27,0
DA:28,0
DA:32,0
DA:41,0
DA:44,0
DA:49,0
DA:55,0
DA:57,0
DA:59,0
DA:60,0
DA:61,0
DA:63,0
DA:73,0
DA:86,0
DA:96,0
DA:101,0
DA:103,0
DA:104,0
DA:108,0
DA:109,0
DA:110,0
DA:114,0
DA:115,0
DA:116,0
DA:120,0
DA:121,0
DA:126,0
DA:127,0
DA:128,0
DA:129,0
DA:130,0
DA:134,0
DA:144,0
DA:147,0
DA:152,0
DA:154,0
DA:155,0
DA:157,0
DA:161,0
DA:173,0
DA:185,0
DA:194,0
DA:195,0
DA:201,1
LF:50
LH:4
BRDA:12,0,0,0
BRDA:12,0,1,0
BRDA:16,1,0,0
BRDA:16,1,1,0
BRDA:17,2,0,0
BRDA:17,2,1,0
BRDA:18,3,0,0
BRDA:18,3,1,0
BRDA:19,4,0,0
BRDA:19,4,1,0
BRDA:20,5,0,0
BRDA:20,5,1,0
BRDA:21,6,0,0
BRDA:21,6,1,0
BRDA:37,7,0,0
BRDA:37,7,1,0
BRDA:48,8,0,0
BRDA:48,9,0,0
BRDA:51,10,0,0
BRDA:52,11,0,0
BRDA:53,12,0,0
BRDA:54,13,0,0
BRDA:59,14,0,0
BRDA:59,14,1,0
BRDA:60,15,0,0
BRDA:60,15,1,0
BRDA:61,16,0,0
BRDA:61,16,1,0
BRDA:100,17,0,0
BRDA:103,18,0,0
BRDA:103,18,1,0
BRDA:109,19,0,0
BRDA:109,19,1,0
BRDA:115,20,0,0
BRDA:115,20,1,0
BRDA:127,21,0,0
BRDA:127,21,1,0
BRDA:127,22,0,0
BRDA:127,22,1,0
BRDA:129,23,0,0
BRDA:129,23,1,0
BRDA:154,24,0,0
BRDA:154,24,1,0
BRF:43
BRH:0
end_of_record
TN:
SF:utils\entityExtractor.js
FN:4,extractEntities
FN:32,(anonymous_1)
FN:35,(anonymous_2)
FN:49,(anonymous_3)
FN:106,(anonymous_4)
FN:116,extractDueDate
FNF:6
FNH:6
FNDA:11,extractEntities
FNDA:63,(anonymous_1)
FNDA:6,(anonymous_2)
FNDA:18,(anonymous_3)
FNDA:243,(anonymous_4)
FNDA:2,extractDueDate
DA:5,11
DA:6,2
DA:14,9
DA:22,9
DA:32,9
DA:33,63
DA:34,63
DA:35,4
DA:36,6
DA:37,6
DA:44,9
DA:49,9
DA:51,18
DA:52,3
DA:53,3
DA:54,3
DA:61,9
DA:63,9
DA:64,1
DA:65,1
DA:66,1
DA:71,9
DA:101,9
DA:106,9
DA:107,243
DA:108,9
DA:112,9
DA:117,2
DA:119,2
DA:120,2
DA:123,2
DA:124,1
DA:128,1
DA:129,0
DA:130,0
DA:131,0
DA:135,1
DA:136,0
DA:137,0
DA:138,0
DA:142,1
DA:143,0
DA:144,0
DA:145,0
DA:148,1
DA:151,2
LF:46
LH:37
BRDA:5,0,0,2
BRDA:5,0,1,9
BRDA:34,1,0,4
BRDA:34,1,1,59
BRDA:36,2,0,6
BRDA:36,2,1,0
BRDA:53,3,0,3
BRDA:53,3,1,0
BRDA:65,4,0,1
BRDA:65,4,1,0
BRDA:107,5,0,9
BRDA:107,5,1,234
BRDA:107,6,0,243
BRDA:107,6,1,9
BRDA:117,7,0,0
BRDA:117,7,1,2
BRDA:123,8,0,1
BRDA:123,8,1,1
BRDA:128,9,0,0
BRDA:128,9,1,1
BRDA:135,10,0,0
BRDA:135,10,1,1
BRDA:142,11,0,0
BRDA:142,11,1,1
BRF:24
BRH:17
end_of_record
